[0401/113545.135:ERROR:process_reader_win.cc(123)] NtOpenThread: {Accès refusé} Un processus a demandé l’accès a un objet, mais il ne bénéficie pas des autorisations nécessaires. (0xc0000022)
[0401/113545.139:ERROR:exception_snapshot_win.cc(98)] thread ID 4992 not found in process
[0425/103601.962:ERROR:process_info.cc(329)] VirtualQueryEx: Accès refusé. (0x5)
[0425/103601.978:ERROR:process_info.cc(550)] ReadMemoryInfo failed
[0425/103601.978:ERROR:scoped_process_suspend.cc(40)] NtResumeProcess: Tentative d’accès à un processus en cours d’arrêt. (0xc000010a)
[0429/110239.948:ERROR:process_reader_win.cc(123)] NtOpenThread: {Accès refusé} Un processus a demandé l’accès a un objet, mais il ne bénéficie pas des autorisations nécessaires. (0xc0000022)
[0429/110240.682:ERROR:exception_snapshot_win.cc(98)] thread ID 11616 not found in process
[0523/091013.586:ERROR:process_reader_win.cc(123)] NtOpenThread: {Accès refusé} Un processus a demandé l’accès a un objet, mais il ne bénéficie pas des autorisations nécessaires. (0xc0000022)
[0523/091013.882:ERROR:exception_snapshot_win.cc(98)] thread ID 6228 not found in process
[0523/091740.284:ERROR:process_reader_win.cc(123)] NtOpenThread: {Accès refusé} Un processus a demandé l’accès a un objet, mais il ne bénéficie pas des autorisations nécessaires. (0xc0000022)
[0523/091740.805:ERROR:exception_snapshot_win.cc(98)] thread ID 7956 not found in process
[0523/092428.523:ERROR:process_reader_win.cc(151)] SuspendThread: Accès refusé. (0x5)
[0523/092428.821:ERROR:process_reader_win.cc(123)] NtOpenThread: {Accès refusé} Un processus a demandé l’accès a un objet, mais il ne bénéficie pas des autorisations nécessaires. (0xc0000022)
[0523/092428.876:ERROR:exception_snapshot_win.cc(98)] thread ID 9496 not found in process
[0523/093507.528:ERROR:process_reader_win.cc(123)] NtOpenThread: {Accès refusé} Un processus a demandé l’accès a un objet, mais il ne bénéficie pas des autorisations nécessaires. (0xc0000022)
[0523/093507.574:ERROR:exception_snapshot_win.cc(98)] thread ID 10716 not found in process
[0614/115334.094:ERROR:process_reader_win.cc(123)] NtOpenThread: {Accès refusé} Un processus a demandé l’accès a un objet, mais il ne bénéficie pas des autorisations nécessaires. (0xc0000022)
[0614/115334.183:ERROR:exception_snapshot_win.cc(98)] thread ID 10716 not found in process
[0614/163739.635:ERROR:process_reader_win.cc(123)] NtOpenThread: {Accès refusé} Un processus a demandé l’accès a un objet, mais il ne bénéficie pas des autorisations nécessaires. (0xc0000022)
[0614/163739.747:ERROR:exception_snapshot_win.cc(98)] thread ID 12304 not found in process
[0614/164422.382:ERROR:process_reader_win.cc(123)] NtOpenThread: {Accès refusé} Un processus a demandé l’accès a un objet, mais il ne bénéficie pas des autorisations nécessaires. (0xc0000022)
[0614/164422.394:ERROR:exception_snapshot_win.cc(98)] thread ID 12460 not found in process
[0614/164730.595:ERROR:process_reader_win.cc(123)] NtOpenThread: {Accès refusé} Un processus a demandé l’accès a un objet, mais il ne bénéficie pas des autorisations nécessaires. (0xc0000022)
[0614/164730.603:ERROR:exception_snapshot_win.cc(98)] thread ID 6424 not found in process
[0617/091333.825:ERROR:process_reader_win.cc(151)] SuspendThread: Accès refusé. (0x5)
[0617/091333.916:ERROR:process_reader_win.cc(151)] SuspendThread: Accès refusé. (0x5)
[0617/091333.916:ERROR:process_reader_win.cc(123)] NtOpenThread: {Accès refusé} Un processus a demandé l’accès a un objet, mais il ne bénéficie pas des autorisations nécessaires. (0xc0000022)
[0617/091333.917:ERROR:exception_snapshot_win.cc(98)] thread ID 2324 not found in process
[0708/124424.984:ERROR:process_reader_win.cc(123)] NtOpenThread: {Accès refusé} Un processus a demandé l’accès a un objet, mais il ne bénéficie pas des autorisations nécessaires. (0xc0000022)
[0708/124425.043:ERROR:exception_snapshot_win.cc(98)] thread ID 11860 not found in process
[0708/125450.159:ERROR:process_reader_win.cc(123)] NtOpenThread: {Accès refusé} Un processus a demandé l’accès a un objet, mais il ne bénéficie pas des autorisations nécessaires. (0xc0000022)
[0708/125450.159:ERROR:exception_snapshot_win.cc(98)] thread ID 10548 not found in process
[0708/125635.533:ERROR:process_reader_win.cc(123)] NtOpenThread: {Accès refusé} Un processus a demandé l’accès a un objet, mais il ne bénéficie pas des autorisations nécessaires. (0xc0000022)
[0708/125635.538:ERROR:exception_snapshot_win.cc(98)] thread ID 6912 not found in process
[0708/125858.769:ERROR:process_reader_win.cc(123)] NtOpenThread: {Accès refusé} Un processus a demandé l’accès a un objet, mais il ne bénéficie pas des autorisations nécessaires. (0xc0000022)
[0708/125858.777:ERROR:exception_snapshot_win.cc(98)] thread ID 10860 not found in process
[0708/154650.159:ERROR:process_reader_win.cc(123)] NtOpenThread: {Accès refusé} Un processus a demandé l’accès a un objet, mais il ne bénéficie pas des autorisations nécessaires. (0xc0000022)
[0708/154650.413:ERROR:exception_snapshot_win.cc(98)] thread ID 11780 not found in process
[0708/155450.521:ERROR:process_reader_win.cc(123)] NtOpenThread: {Accès refusé} Un processus a demandé l’accès a un objet, mais il ne bénéficie pas des autorisations nécessaires. (0xc0000022)
[0708/155450.526:ERROR:exception_snapshot_win.cc(98)] thread ID 1592 not found in process
[0708/160535.742:ERROR:process_reader_win.cc(123)] NtOpenThread: {Accès refusé} Un processus a demandé l’accès a un objet, mais il ne bénéficie pas des autorisations nécessaires. (0xc0000022)
[0708/160535.796:ERROR:exception_snapshot_win.cc(98)] thread ID 4592 not found in process
[0708/161624.179:ERROR:process_reader_win.cc(123)] NtOpenThread: {Accès refusé} Un processus a demandé l’accès a un objet, mais il ne bénéficie pas des autorisations nécessaires. (0xc0000022)
[0708/161624.181:ERROR:exception_snapshot_win.cc(98)] thread ID 10420 not found in process
[0708/162704.933:ERROR:process_reader_win.cc(123)] NtOpenThread: {Accès refusé} Un processus a demandé l’accès a un objet, mais il ne bénéficie pas des autorisations nécessaires. (0xc0000022)
[0708/162705.004:ERROR:exception_snapshot_win.cc(98)] thread ID 10428 not found in process
